# JRE version: OpenJDK Runtime Environment Temurin-21.0.8+9 (21.0.8+9) (build 21.0.8+9-LTS)
# Java VM: OpenJDK 64-Bit Server VM Temurin-21.0.8+9 (21.0.8+9-LTS, mixed mode, sharing, tiered, compressed oops, compressed class ptrs, parallel gc, windows-amd64)
GC Precious Log:
 CardTable entry size: 512
 CPUs: 8 total, 8 available
 Memory: 7975M
 Large Page Support: Disabled
 NUMA Support: Disabled
 Compressed Oops: Enabled (32-bit)
 Alignments: Space 512K, Generation 512K, Heap 2M
 Heap Min Capacity: 100M
 Heap Initial Capacity: 100M
 Heap Max Capacity: 2G
 Pre-touch: Disabled
 Parallel Workers: 8
Heap:
 PSYoungGen      total 1536K, used 1307K [0x00000000d5580000, 0x00000000d5800000, 0x0000000100000000)
  eden space 1024K, 100% used [0x00000000d5580000,0x00000000d5680000,0x00000000d5680000)
  from space 512K, 55% used [0x00000000d5780000,0x00000000d57c6c08,0x00000000d5800000)
  to   space 512K, 43% used [0x00000000d5700000,0x00000000d5738000,0x00000000d5780000)
 ParOldGen       total 378880K, used 378458K [0x0000000080000000, 0x0000000097200000, 0x00000000d5580000)
  object space 378880K, 99% used [0x0000000080000000,0x0000000097196a18,0x0000000097200000)
 Metaspace       used 53532K, committed 54784K, reserved 1114112K
  class space    used 5849K, committed 6400K, reserved 1048576K
GC Heap History (20 events):
Event: 28.066 GC heap before
{Heap before GC invocations=329 (full 2):
 PSYoungGen      total 1536K, used 1536K [0x00000000d5580000, 0x00000000d5980000, 0x0000000100000000)
  eden space 1024K, 100% used [0x00000000d5580000,0x00000000d5680000,0x00000000d5680000)
  from space 512K, 100% used [0x00000000d5800000,0x00000000d5880000,0x00000000d5880000)
  to   space 1536K, 0% used [0x00000000d5680000,0x00000000d5680000,0x00000000d5800000)
 ParOldGen       total 372736K, used 372595K [0x0000000080000000, 0x0000000096c00000, 0x00000000d5580000)
  object space 372736K, 99% used [0x0000000080000000,0x0000000096bdcc38,0x0000000096c00000)
 Metaspace       used 53498K, committed 54784K, reserved 1114112K
  class space    used 5845K, committed 6400K, reserved 1048576K
}
Event: 28.068 GC heap after
{Heap after GC invocations=329 (full 2):
 PSYoungGen      total 2048K, used 640K [0x00000000d5580000, 0x00000000d5880000, 0x0000000100000000)
  eden space 1024K, 0% used [0x00000000d5580000,0x00000000d5580000,0x00000000d5680000)
  from space 1024K, 62% used [0x00000000d5680000,0x00000000d5720000,0x00000000d5780000)
  to   space 1024K, 0% used [0x00000000d5780000,0x00000000d5780000,0x00000000d5880000)
 ParOldGen       total 373248K, used 373099K [0x0000000080000000, 0x0000000096c80000, 0x00000000d5580000)
  object space 373248K, 99% used [0x0000000080000000,0x0000000096c5ac38,0x0000000096c80000)
 Metaspace       used 53498K, committed 54784K, reserved 1114112K
  class space    used 5845K, committed 6400K, reserved 1048576K
}
Event: 28.200 GC heap before
{Heap before GC invocations=330 (full 2):
 PSYoungGen      total 2048K, used 1664K [0x00000000d5580000, 0x00000000d5880000, 0x0000000100000000)
  eden space 1024K, 100% used [0x00000000d5580000,0x00000000d5680000,0x00000000d5680000)
  from space 1024K, 62% used [0x00000000d5680000,0x00000000d5720000,0x00000000d5780000)
  to   space 1024K, 0% used [0x00000000d5780000,0x00000000d5780000,0x00000000d5880000)
 ParOldGen       total 373248K, used 373099K [0x0000000080000000, 0x0000000096c80000, 0x00000000d5580000)
  object space 373248K, 99% used [0x0000000080000000,0x0000000096c5ac38,0x0000000096c80000)
 Metaspace       used 53498K, committed 54784K, reserved 1114112K
  class space    used 5845K, committed 6400K, reserved 1048576K
}
Event: 28.203 GC heap after
{Heap after GC invocations=330 (full 2):
 PSYoungGen      total 2048K, used 864K [0x00000000d5580000, 0x00000000d5880000, 0x0000000100000000)
  eden space 1024K, 0% used [0x00000000d5580000,0x00000000d5580000,0x00000000d5680000)
  from space 1024K, 84% used [0x00000000d5780000,0x00000000d5858000,0x00000000d5880000)
  to   space 1024K, 0% used [0x00000000d5680000,0x00000000d5680000,0x00000000d5780000)
 ParOldGen       total 373760K, used 373707K [0x0000000080000000, 0x0000000096d00000, 0x00000000d5580000)
  object space 373760K, 99% used [0x0000000080000000,0x0000000096cf2c38,0x0000000096d00000)
 Metaspace       used 53498K, committed 54784K, reserved 1114112K
  class space    used 5845K, committed 6400K, reserved 1048576K
}
Event: 28.220 GC heap before
{Heap before GC invocations=331 (full 2):
 PSYoungGen      total 2048K, used 1888K [0x00000000d5580000, 0x00000000d5880000, 0x0000000100000000)
  eden space 1024K, 100% used [0x00000000d5580000,0x00000000d5680000,0x00000000d5680000)
  from space 1024K, 84% used [0x00000000d5780000,0x00000000d5858000,0x00000000d5880000)
  to   space 1024K, 0% used [0x00000000d5680000,0x00000000d5680000,0x00000000d5780000)
 ParOldGen       total 373760K, used 373707K [0x0000000080000000, 0x0000000096d00000, 0x00000000d5580000)
  object space 373760K, 99% used [0x0000000080000000,0x0000000096cf2c38,0x0000000096d00000)
 Metaspace       used 53498K, committed 54784K, reserved 1114112K
  class space    used 5845K, committed 6400K, reserved 1048576K
}
Event: 28.224 GC heap after
{Heap after GC invocations=331 (full 2):
 PSYoungGen      total 2048K, used 896K [0x00000000d5580000, 0x00000000d5880000, 0x0000000100000000)
  eden space 1024K, 0% used [0x00000000d5580000,0x00000000d5580000,0x00000000d5680000)
  from space 1024K, 87% used [0x00000000d5680000,0x00000000d5760000,0x00000000d5780000)
  to   space 1024K, 0% used [0x00000000d5780000,0x00000000d5780000,0x00000000d5880000)
 ParOldGen       total 374784K, used 374515K [0x0000000080000000, 0x0000000096e00000, 0x00000000d5580000)
  object space 374784K, 99% used [0x0000000080000000,0x0000000096dbcc38,0x0000000096e00000)
 Metaspace       used 53498K, committed 54784K, reserved 1114112K
  class space    used 5845K, committed 6400K, reserved 1048576K
}
Event: 28.524 GC heap before
{Heap before GC invocations=332 (full 2):
 PSYoungGen      total 2048K, used 1920K [0x00000000d5580000, 0x00000000d5880000, 0x0000000100000000)
  eden space 1024K, 100% used [0x00000000d5580000,0x00000000d5680000,0x00000000d5680000)
  from space 1024K, 87% used [0x00000000d5680000,0x00000000d5760000,0x00000000d5780000)
  to   space 1024K, 0% used [0x00000000d5780000,0x00000000d5780000,0x00000000d5880000)
 ParOldGen       total 374784K, used 374515K [0x0000000080000000, 0x0000000096e00000, 0x00000000d5580000)
  object space 374784K, 99% used [0x0000000080000000,0x0000000096dbcc38,0x0000000096e00000)
 Metaspace       used 53498K, committed 54784K, reserved 1114112K
  class space    used 5845K, committed 6400K, reserved 1048576K
}
Event: 28.530 GC heap after
{Heap after GC invocations=332 (full 2):
 PSYoungGen      total 2048K, used 992K [0x00000000d5580000, 0x00000000d5880000, 0x0000000100000000)
  eden space 1024K, 0% used [0x00000000d5580000,0x00000000d5580000,0x00000000d5680000)
  from space 1024K, 96% used [0x00000000d5780000,0x00000000d5878000,0x00000000d5880000)
  to   space 1024K, 0% used [0x00000000d5680000,0x00000000d5680000,0x00000000d5780000)
 ParOldGen       total 375808K, used 375355K [0x0000000080000000, 0x0000000096f00000, 0x00000000d5580000)
  object space 375808K, 99% used [0x0000000080000000,0x0000000096e8ec38,0x0000000096f00000)
 Metaspace       used 53498K, committed 54784K, reserved 1114112K
  class space    used 5845K, committed 6400K, reserved 1048576K
}
Event: 28.572 GC heap before
{Heap before GC invocations=333 (full 2):
 PSYoungGen      total 2048K, used 2015K [0x00000000d5580000, 0x00000000d5880000, 0x0000000100000000)
  eden space 1024K, 99% used [0x00000000d5580000,0x00000000d567fef0,0x00000000d5680000)
  from space 1024K, 96% used [0x00000000d5780000,0x00000000d5878000,0x00000000d5880000)
  to   space 1024K, 0% used [0x00000000d5680000,0x00000000d5680000,0x00000000d5780000)
 ParOldGen       total 375808K, used 375355K [0x0000000080000000, 0x0000000096f00000, 0x00000000d5580000)
  object space 375808K, 99% used [0x0000000080000000,0x0000000096e8ec38,0x0000000096f00000)
 Metaspace       used 53498K, committed 54784K, reserved 1114112K
  class space    used 5845K, committed 6400K, reserved 1048576K
}
Event: 28.574 GC heap after
{Heap after GC invocations=333 (full 2):
 PSYoungGen      total 2048K, used 928K [0x00000000d5580000, 0x00000000d5880000, 0x0000000100000000)
  eden space 1024K, 0% used [0x00000000d5580000,0x00000000d5580000,0x00000000d5680000)
  from space 1024K, 90% used [0x00000000d5680000,0x00000000d5768000,0x00000000d5780000)
  to   space 1024K, 0% used [0x00000000d5780000,0x00000000d5780000,0x00000000d5880000)
 ParOldGen       total 376320K, used 376235K [0x0000000080000000, 0x0000000096f80000, 0x00000000d5580000)
  object space 376320K, 99% used [0x0000000080000000,0x0000000096f6ac38,0x0000000096f80000)
 Metaspace       used 53498K, committed 54784K, reserved 1114112K
  class space    used 5845K, committed 6400K, reserved 1048576K
}
Event: 28.670 GC heap before
{Heap before GC invocations=334 (full 2):
 PSYoungGen      total 2048K, used 1952K [0x00000000d5580000, 0x00000000d5880000, 0x0000000100000000)
  eden space 1024K, 100% used [0x00000000d5580000,0x00000000d5680000,0x00000000d5680000)
  from space 1024K, 90% used [0x00000000d5680000,0x00000000d5768000,0x00000000d5780000)
  to   space 1024K, 0% used [0x00000000d5780000,0x00000000d5780000,0x00000000d5880000)
 ParOldGen       total 376320K, used 376235K [0x0000000080000000, 0x0000000096f80000, 0x00000000d5580000)
  object space 376320K, 99% used [0x0000000080000000,0x0000000096f6ac38,0x0000000096f80000)
 Metaspace       used 53525K, committed 54784K, reserved 1114112K
  class space    used 5848K, committed 6400K, reserved 1048576K
}
Event: 28.672 GC heap after
{Heap after GC invocations=334 (full 2):
 PSYoungGen      total 2048K, used 512K [0x00000000d5580000, 0x00000000d5880000, 0x0000000100000000)
  eden space 1024K, 0% used [0x00000000d5580000,0x00000000d5580000,0x00000000d5680000)
  from space 1024K, 50% used [0x00000000d5780000,0x00000000d5800000,0x00000000d5880000)
  to   space 1024K, 0% used [0x00000000d5680000,0x00000000d5680000,0x00000000d5780000)
 ParOldGen       total 377344K, used 377043K [0x0000000080000000, 0x0000000097080000, 0x00000000d5580000)
  object space 377344K, 99% used [0x0000000080000000,0x0000000097034c38,0x0000000097080000)
 Metaspace       used 53525K, committed 54784K, reserved 1114112K
  class space    used 5848K, committed 6400K, reserved 1048576K
}
Event: 28.760 GC heap before
{Heap before GC invocations=335 (full 2):
 PSYoungGen      total 2048K, used 1536K [0x00000000d5580000, 0x00000000d5880000, 0x0000000100000000)
  eden space 1024K, 100% used [0x00000000d5580000,0x00000000d5680000,0x00000000d5680000)
  from space 1024K, 50% used [0x00000000d5780000,0x00000000d5800000,0x00000000d5880000)
  to   space 1024K, 0% used [0x00000000d5680000,0x00000000d5680000,0x00000000d5780000)
 ParOldGen       total 377344K, used 377043K [0x0000000080000000, 0x0000000097080000, 0x00000000d5580000)
  object space 377344K, 99% used [0x0000000080000000,0x0000000097034c38,0x0000000097080000)
 Metaspace       used 53527K, committed 54784K, reserved 1114112K
  class space    used 5848K, committed 6400K, reserved 1048576K
}
Event: 28.764 GC heap after
{Heap after GC invocations=335 (full 2):
 PSYoungGen      total 2048K, used 350K [0x00000000d5580000, 0x00000000d5800000, 0x0000000100000000)
  eden space 1024K, 0% used [0x00000000d5580000,0x00000000d5580000,0x00000000d5680000)
  from space 1024K, 34% used [0x00000000d5680000,0x00000000d56d7bf0,0x00000000d5780000)
  to   space 512K, 0% used [0x00000000d5780000,0x00000000d5780000,0x00000000d5800000)
 ParOldGen       total 377856K, used 377475K [0x0000000080000000, 0x0000000097100000, 0x00000000d5580000)
  object space 377856K, 99% used [0x0000000080000000,0x00000000970a0c38,0x0000000097100000)
 Metaspace       used 53527K, committed 54784K, reserved 1114112K
  class space    used 5848K, committed 6400K, reserved 1048576K
}
Event: 28.768 GC heap before
{Heap before GC invocations=336 (full 2):
 PSYoungGen      total 2048K, used 1374K [0x00000000d5580000, 0x00000000d5800000, 0x0000000100000000)
  eden space 1024K, 100% used [0x00000000d5580000,0x00000000d5680000,0x00000000d5680000)
  from space 1024K, 34% used [0x00000000d5680000,0x00000000d56d7bf0,0x00000000d5780000)
  to   space 512K, 0% used [0x00000000d5780000,0x00000000d5780000,0x00000000d5800000)
 ParOldGen       total 377856K, used 377475K [0x0000000080000000, 0x0000000097100000, 0x00000000d5580000)
  object space 377856K, 99% used [0x0000000080000000,0x00000000970a0c38,0x0000000097100000)
 Metaspace       used 53528K, committed 54784K, reserved 1114112K
  class space    used 5848K, committed 6400K, reserved 1048576K
}
Event: 28.769 GC heap after
{Heap after GC invocations=336 (full 2):
 PSYoungGen      total 1536K, used 256K [0x00000000d5580000, 0x00000000d5800000, 0x0000000100000000)
  eden space 1024K, 0% used [0x00000000d5580000,0x00000000d5580000,0x00000000d5680000)
  from space 512K, 50% used [0x00000000d5780000,0x00000000d57c0000,0x00000000d5800000)
  to   space 512K, 0% used [0x00000000d5700000,0x00000000d5700000,0x00000000d5780000)
 ParOldGen       total 377856K, used 377725K [0x0000000080000000, 0x0000000097100000, 0x00000000d5580000)
  object space 377856K, 99% used [0x0000000080000000,0x00000000970df410,0x0000000097100000)
 Metaspace       used 53528K, committed 54784K, reserved 1114112K
  class space    used 5848K, committed 6400K, reserved 1048576K
}
Event: 28.773 GC heap before
{Heap before GC invocations=337 (full 2):
 PSYoungGen      total 1536K, used 1280K [0x00000000d5580000, 0x00000000d5800000, 0x0000000100000000)
  eden space 1024K, 100% used [0x00000000d5580000,0x00000000d5680000,0x00000000d5680000)
  from space 512K, 50% used [0x00000000d5780000,0x00000000d57c0000,0x00000000d5800000)
  to   space 512K, 0% used [0x00000000d5700000,0x00000000d5700000,0x00000000d5780000)
 ParOldGen       total 377856K, used 377725K [0x0000000080000000, 0x0000000097100000, 0x00000000d5580000)
  object space 377856K, 99% used [0x0000000080000000,0x00000000970df410,0x0000000097100000)
 Metaspace       used 53528K, committed 54784K, reserved 1114112K
  class space    used 5848K, committed 6400K, reserved 1048576K
}
Event: 28.774 GC heap after
{Heap after GC invocations=337 (full 2):
 PSYoungGen      total 1536K, used 192K [0x00000000d5580000, 0x00000000d5800000, 0x0000000100000000)
  eden space 1024K, 0% used [0x00000000d5580000,0x00000000d5580000,0x00000000d5680000)
  from space 512K, 37% used [0x00000000d5700000,0x00000000d5730000,0x00000000d5780000)
  to   space 512K, 0% used [0x00000000d5780000,0x00000000d5780000,0x00000000d5800000)
 ParOldGen       total 378368K, used 377869K [0x0000000080000000, 0x0000000097180000, 0x00000000d5580000)
  object space 378368K, 99% used [0x0000000080000000,0x0000000097103410,0x0000000097180000)
 Metaspace       used 53528K, committed 54784K, reserved 1114112K
  class space    used 5848K, committed 6400K, reserved 1048576K
}
Event: 28.784 GC heap before
{Heap before GC invocations=338 (full 2):
 PSYoungGen      total 1536K, used 1216K [0x00000000d5580000, 0x00000000d5800000, 0x0000000100000000)
  eden space 1024K, 100% used [0x00000000d5580000,0x00000000d5680000,0x00000000d5680000)
  from space 512K, 37% used [0x00000000d5700000,0x00000000d5730000,0x00000000d5780000)
  to   space 512K, 0% used [0x00000000d5780000,0x00000000d5780000,0x00000000d5800000)
 ParOldGen       total 378368K, used 377869K [0x0000000080000000, 0x0000000097180000, 0x00000000d5580000)
  object space 378368K, 99% used [0x0000000080000000,0x0000000097103410,0x0000000097180000)
 Metaspace       used 53532K, committed 54784K, reserved 1114112K
  class space    used 5849K, committed 6400K, reserved 1048576K
}
Event: 28.786 GC heap after
{Heap after GC invocations=338 (full 2):
 PSYoungGen      total 1536K, used 288K [0x00000000d5580000, 0x00000000d5800000, 0x0000000100000000)
  eden space 1024K, 0% used [0x00000000d5580000,0x00000000d5580000,0x00000000d5680000)
  from space 512K, 56% used [0x00000000d5780000,0x00000000d57c8000,0x00000000d5800000)
  to   space 512K, 0% used [0x00000000d5700000,0x00000000d5700000,0x00000000d5780000)
 ParOldGen       total 378368K, used 377997K [0x0000000080000000, 0x0000000097180000, 0x00000000d5580000)
  object space 378368K, 99% used [0x0000000080000000,0x0000000097123410,0x0000000097180000)
 Metaspace       used 53532K, committed 54784K, reserved 1114112K
  class space    used 5849K, committed 6400K, reserved 1048576K
}

