# JRE version: OpenJDK Runtime Environment Temurin-21.0.8+9 (21.0.8+9) (build 21.0.8+9-LTS)
# Java VM: OpenJDK 64-Bit Server VM Temurin-21.0.8+9 (21.0.8+9-LTS, mixed mode, sharing, tiered, compressed oops, compressed class ptrs, parallel gc, windows-amd64)
GC Precious Log:
 CardTable entry size: 512
 CPUs: 8 total, 8 available
 Memory: 7975M
 Large Page Support: Disabled
 NUMA Support: Disabled
 Compressed Oops: Enabled (32-bit)
 Alignments: Space 512K, Generation 512K, Heap 2M
 Heap Min Capacity: 100M
 Heap Initial Capacity: 100M
 Heap Max Capacity: 2G
 Pre-touch: Disabled
 Parallel Workers: 8
Heap:
 PSYoungGen      total 2560K, used 2399K [0x00000000d5580000, 0x00000000d5900000, 0x0000000100000000)
  eden space 1536K, 96% used [0x00000000d5580000,0x00000000d56f2ab8,0x00000000d5700000)
  from space 1024K, 89% used [0x00000000d5800000,0x00000000d58e53d8,0x00000000d5900000)
  to   space 1024K, 98% used [0x00000000d5700000,0x00000000d57fb260,0x00000000d5800000)
 ParOldGen       total 327168K, used 326840K [0x0000000080000000, 0x0000000093f80000, 0x00000000d5580000)
  object space 327168K, 99% used [0x0000000080000000,0x0000000093f2e310,0x0000000093f80000)
 Metaspace       used 60019K, committed 61440K, reserved 1114112K
  class space    used 6203K, committed 6848K, reserved 1048576K
GC Heap History (20 events):
Event: 18.302 GC heap after
{Heap after GC invocations=359 (full 3):
 PSYoungGen      total 2048K, used 720K [0x00000000d5580000, 0x00000000d5880000, 0x0000000100000000)
  eden space 1024K, 0% used [0x00000000d5580000,0x00000000d5580000,0x00000000d5680000)
  from space 1024K, 70% used [0x00000000d5780000,0x00000000d5834010,0x00000000d5880000)
  to   space 1024K, 0% used [0x00000000d5680000,0x00000000d5680000,0x00000000d5780000)
 ParOldGen       total 325120K, used 319848K [0x0000000080000000, 0x0000000093d80000, 0x00000000d5580000)
  object space 325120K, 98% used [0x0000000080000000,0x000000009385a3e8,0x0000000093d80000)
 Metaspace       used 60014K, committed 61440K, reserved 1114112K
  class space    used 6203K, committed 6848K, reserved 1048576K
}
Event: 18.349 GC heap before
{Heap before GC invocations=360 (full 3):
 PSYoungGen      total 2048K, used 1727K [0x00000000d5580000, 0x00000000d5880000, 0x0000000100000000)
  eden space 1024K, 98% used [0x00000000d5580000,0x00000000d567bcc0,0x00000000d5680000)
  from space 1024K, 70% used [0x00000000d5780000,0x00000000d5834010,0x00000000d5880000)
  to   space 1024K, 0% used [0x00000000d5680000,0x00000000d5680000,0x00000000d5780000)
 ParOldGen       total 325120K, used 319848K [0x0000000080000000, 0x0000000093d80000, 0x00000000d5580000)
  object space 325120K, 98% used [0x0000000080000000,0x000000009385a3e8,0x0000000093d80000)
 Metaspace       used 60017K, committed 61440K, reserved 1114112K
  class space    used 6203K, committed 6848K, reserved 1048576K
}
Event: 18.353 GC heap after
{Heap after GC invocations=360 (full 3):
 PSYoungGen      total 2048K, used 960K [0x00000000d5580000, 0x00000000d5880000, 0x0000000100000000)
  eden space 1024K, 0% used [0x00000000d5580000,0x00000000d5580000,0x00000000d5680000)
  from space 1024K, 93% used [0x00000000d5680000,0x00000000d5770000,0x00000000d5780000)
  to   space 1024K, 0% used [0x00000000d5780000,0x00000000d5780000,0x00000000d5880000)
 ParOldGen       total 325120K, used 320415K [0x0000000080000000, 0x0000000093d80000, 0x00000000d5580000)
  object space 325120K, 98% used [0x0000000080000000,0x00000000938e7e60,0x0000000093d80000)
 Metaspace       used 60017K, committed 61440K, reserved 1114112K
  class space    used 6203K, committed 6848K, reserved 1048576K
}
Event: 18.374 GC heap before
{Heap before GC invocations=361 (full 3):
 PSYoungGen      total 2048K, used 1983K [0x00000000d5580000, 0x00000000d5880000, 0x0000000100000000)
  eden space 1024K, 99% used [0x00000000d5580000,0x00000000d567ffc8,0x00000000d5680000)
  from space 1024K, 93% used [0x00000000d5680000,0x00000000d5770000,0x00000000d5780000)
  to   space 1024K, 0% used [0x00000000d5780000,0x00000000d5780000,0x00000000d5880000)
 ParOldGen       total 325120K, used 321162K [0x0000000080000000, 0x0000000093d80000, 0x00000000d5580000)
  object space 325120K, 98% used [0x0000000080000000,0x00000000939a2878,0x0000000093d80000)
 Metaspace       used 60017K, committed 61440K, reserved 1114112K
  class space    used 6203K, committed 6848K, reserved 1048576K
}
Event: 18.377 GC heap after
{Heap after GC invocations=361 (full 3):
 PSYoungGen      total 2048K, used 987K [0x00000000d5580000, 0x00000000d5880000, 0x0000000100000000)
  eden space 1024K, 0% used [0x00000000d5580000,0x00000000d5580000,0x00000000d5680000)
  from space 1024K, 96% used [0x00000000d5780000,0x00000000d5876f40,0x00000000d5880000)
  to   space 1024K, 0% used [0x00000000d5680000,0x00000000d5680000,0x00000000d5780000)
 ParOldGen       total 325120K, used 322028K [0x0000000080000000, 0x0000000093d80000, 0x00000000d5580000)
  object space 325120K, 99% used [0x0000000080000000,0x0000000093a7b318,0x0000000093d80000)
 Metaspace       used 60017K, committed 61440K, reserved 1114112K
  class space    used 6203K, committed 6848K, reserved 1048576K
}
Event: 18.385 GC heap before
{Heap before GC invocations=362 (full 3):
 PSYoungGen      total 2048K, used 2011K [0x00000000d5580000, 0x00000000d5880000, 0x0000000100000000)
  eden space 1024K, 100% used [0x00000000d5580000,0x00000000d5680000,0x00000000d5680000)
  from space 1024K, 96% used [0x00000000d5780000,0x00000000d5876f40,0x00000000d5880000)
  to   space 1024K, 0% used [0x00000000d5680000,0x00000000d5680000,0x00000000d5780000)
 ParOldGen       total 325120K, used 322028K [0x0000000080000000, 0x0000000093d80000, 0x00000000d5580000)
  object space 325120K, 99% used [0x0000000080000000,0x0000000093a7b318,0x0000000093d80000)
 Metaspace       used 60017K, committed 61440K, reserved 1114112K
  class space    used 6203K, committed 6848K, reserved 1048576K
}
Event: 18.387 GC heap after
{Heap after GC invocations=362 (full 3):
 PSYoungGen      total 2048K, used 637K [0x00000000d5580000, 0x00000000d5880000, 0x0000000100000000)
  eden space 1024K, 0% used [0x00000000d5580000,0x00000000d5580000,0x00000000d5680000)
  from space 1024K, 62% used [0x00000000d5680000,0x00000000d571f4f8,0x00000000d5780000)
  to   space 1024K, 0% used [0x00000000d5780000,0x00000000d5780000,0x00000000d5880000)
 ParOldGen       total 325120K, used 322903K [0x0000000080000000, 0x0000000093d80000, 0x00000000d5580000)
  object space 325120K, 99% used [0x0000000080000000,0x0000000093b55c10,0x0000000093d80000)
 Metaspace       used 60017K, committed 61440K, reserved 1114112K
  class space    used 6203K, committed 6848K, reserved 1048576K
}
Event: 18.390 GC heap before
{Heap before GC invocations=363 (full 3):
 PSYoungGen      total 2048K, used 1555K [0x00000000d5580000, 0x00000000d5880000, 0x0000000100000000)
  eden space 1024K, 89% used [0x00000000d5580000,0x00000000d5665808,0x00000000d5680000)
  from space 1024K, 62% used [0x00000000d5680000,0x00000000d571f4f8,0x00000000d5780000)
  to   space 1024K, 0% used [0x00000000d5780000,0x00000000d5780000,0x00000000d5880000)
 ParOldGen       total 325120K, used 322903K [0x0000000080000000, 0x0000000093d80000, 0x00000000d5580000)
  object space 325120K, 99% used [0x0000000080000000,0x0000000093b55c10,0x0000000093d80000)
 Metaspace       used 60017K, committed 61440K, reserved 1114112K
  class space    used 6203K, committed 6848K, reserved 1048576K
}
Event: 18.392 GC heap after
{Heap after GC invocations=363 (full 3):
 PSYoungGen      total 2048K, used 532K [0x00000000d5580000, 0x00000000d5900000, 0x0000000100000000)
  eden space 1024K, 0% used [0x00000000d5580000,0x00000000d5580000,0x00000000d5680000)
  from space 1024K, 51% used [0x00000000d5780000,0x00000000d5805138,0x00000000d5880000)
  to   space 1024K, 0% used [0x00000000d5680000,0x00000000d5680000,0x00000000d5780000)
 ParOldGen       total 325120K, used 323384K [0x0000000080000000, 0x0000000093d80000, 0x00000000d5580000)
  object space 325120K, 99% used [0x0000000080000000,0x0000000093bce2b0,0x0000000093d80000)
 Metaspace       used 60017K, committed 61440K, reserved 1114112K
  class space    used 6203K, committed 6848K, reserved 1048576K
}
Event: 18.409 GC heap before
{Heap before GC invocations=364 (full 3):
 PSYoungGen      total 2048K, used 1555K [0x00000000d5580000, 0x00000000d5900000, 0x0000000100000000)
  eden space 1024K, 99% used [0x00000000d5580000,0x00000000d567fc28,0x00000000d5680000)
  from space 1024K, 51% used [0x00000000d5780000,0x00000000d5805138,0x00000000d5880000)
  to   space 1024K, 0% used [0x00000000d5680000,0x00000000d5680000,0x00000000d5780000)
 ParOldGen       total 325120K, used 323384K [0x0000000080000000, 0x0000000093d80000, 0x00000000d5580000)
  object space 325120K, 99% used [0x0000000080000000,0x0000000093bce2b0,0x0000000093d80000)
 Metaspace       used 60017K, committed 61440K, reserved 1114112K
  class space    used 6203K, committed 6848K, reserved 1048576K
}
Event: 18.411 GC heap after
{Heap after GC invocations=364 (full 3):
 PSYoungGen      total 2048K, used 1023K [0x00000000d5580000, 0x00000000d5a80000, 0x0000000100000000)
  eden space 1024K, 0% used [0x00000000d5580000,0x00000000d5580000,0x00000000d5680000)
  from space 1024K, 99% used [0x00000000d5680000,0x00000000d577fd48,0x00000000d5780000)
  to   space 2048K, 0% used [0x00000000d5880000,0x00000000d5880000,0x00000000d5a80000)
 ParOldGen       total 325120K, used 323792K [0x0000000080000000, 0x0000000093d80000, 0x00000000d5580000)
  object space 325120K, 99% used [0x0000000080000000,0x0000000093c34210,0x0000000093d80000)
 Metaspace       used 60017K, committed 61440K, reserved 1114112K
  class space    used 6203K, committed 6848K, reserved 1048576K
}
Event: 18.423 GC heap before
{Heap before GC invocations=365 (full 3):
 PSYoungGen      total 2048K, used 2029K [0x00000000d5580000, 0x00000000d5a80000, 0x0000000100000000)
  eden space 1024K, 98% used [0x00000000d5580000,0x00000000d567b8a0,0x00000000d5680000)
  from space 1024K, 99% used [0x00000000d5680000,0x00000000d577fd48,0x00000000d5780000)
  to   space 2048K, 0% used [0x00000000d5880000,0x00000000d5880000,0x00000000d5a80000)
 ParOldGen       total 325120K, used 323792K [0x0000000080000000, 0x0000000093d80000, 0x00000000d5580000)
  object space 325120K, 99% used [0x0000000080000000,0x0000000093c34210,0x0000000093d80000)
 Metaspace       used 60017K, committed 61440K, reserved 1114112K
  class space    used 6203K, committed 6848K, reserved 1048576K
}
Event: 18.425 GC heap after
{Heap after GC invocations=365 (full 3):
 PSYoungGen      total 2560K, used 1034K [0x00000000d5580000, 0x00000000d5a00000, 0x0000000100000000)
  eden space 1024K, 0% used [0x00000000d5580000,0x00000000d5580000,0x00000000d5680000)
  from space 1536K, 67% used [0x00000000d5880000,0x00000000d59828b0,0x00000000d5a00000)
  to   space 1536K, 0% used [0x00000000d5700000,0x00000000d5700000,0x00000000d5880000)
 ParOldGen       total 325120K, used 324781K [0x0000000080000000, 0x0000000093d80000, 0x00000000d5580000)
  object space 325120K, 99% used [0x0000000080000000,0x0000000093d2b700,0x0000000093d80000)
 Metaspace       used 60017K, committed 61440K, reserved 1114112K
  class space    used 6203K, committed 6848K, reserved 1048576K
}
Event: 18.431 GC heap before
{Heap before GC invocations=366 (full 3):
 PSYoungGen      total 2560K, used 2039K [0x00000000d5580000, 0x00000000d5a00000, 0x0000000100000000)
  eden space 1024K, 98% used [0x00000000d5580000,0x00000000d567b6b0,0x00000000d5680000)
  from space 1536K, 67% used [0x00000000d5880000,0x00000000d59828b0,0x00000000d5a00000)
  to   space 1536K, 0% used [0x00000000d5700000,0x00000000d5700000,0x00000000d5880000)
 ParOldGen       total 325120K, used 324781K [0x0000000080000000, 0x0000000093d80000, 0x00000000d5580000)
  object space 325120K, 99% used [0x0000000080000000,0x0000000093d2b700,0x0000000093d80000)
 Metaspace       used 60017K, committed 61440K, reserved 1114112K
  class space    used 6203K, committed 6848K, reserved 1048576K
}
Event: 18.438 GC heap after
{Heap after GC invocations=366 (full 3):
 PSYoungGen      total 2560K, used 737K [0x00000000d5580000, 0x00000000d5900000, 0x0000000100000000)
  eden space 1536K, 0% used [0x00000000d5580000,0x00000000d5580000,0x00000000d5700000)
  from space 1024K, 72% used [0x00000000d5700000,0x00000000d57b8650,0x00000000d5800000)
  to   space 1024K, 0% used [0x00000000d5800000,0x00000000d5800000,0x00000000d5900000)
 ParOldGen       total 326144K, used 325721K [0x0000000080000000, 0x0000000093e80000, 0x00000000d5580000)
  object space 326144K, 99% used [0x0000000080000000,0x0000000093e16440,0x0000000093e80000)
 Metaspace       used 60017K, committed 61440K, reserved 1114112K
  class space    used 6203K, committed 6848K, reserved 1048576K
}
Event: 18.451 GC heap before
{Heap before GC invocations=367 (full 3):
 PSYoungGen      total 2560K, used 2273K [0x00000000d5580000, 0x00000000d5900000, 0x0000000100000000)
  eden space 1536K, 100% used [0x00000000d5580000,0x00000000d5700000,0x00000000d5700000)
  from space 1024K, 72% used [0x00000000d5700000,0x00000000d57b8650,0x00000000d5800000)
  to   space 1024K, 0% used [0x00000000d5800000,0x00000000d5800000,0x00000000d5900000)
 ParOldGen       total 326144K, used 325721K [0x0000000080000000, 0x0000000093e80000, 0x00000000d5580000)
  object space 326144K, 99% used [0x0000000080000000,0x0000000093e16440,0x0000000093e80000)
 Metaspace       used 60018K, committed 61440K, reserved 1114112K
  class space    used 6203K, committed 6848K, reserved 1048576K
}
Event: 18.454 GC heap after
{Heap after GC invocations=367 (full 3):
 PSYoungGen      total 2560K, used 916K [0x00000000d5580000, 0x00000000d5900000, 0x0000000100000000)
  eden space 1536K, 0% used [0x00000000d5580000,0x00000000d5580000,0x00000000d5700000)
  from space 1024K, 89% used [0x00000000d5800000,0x00000000d58e53d8,0x00000000d5900000)
  to   space 1024K, 0% used [0x00000000d5700000,0x00000000d5700000,0x00000000d5800000)
 ParOldGen       total 326656K, used 326316K [0x0000000080000000, 0x0000000093f00000, 0x00000000d5580000)
  object space 326656K, 99% used [0x0000000080000000,0x0000000093eab1e8,0x0000000093f00000)
 Metaspace       used 60018K, committed 61440K, reserved 1114112K
  class space    used 6203K, committed 6848K, reserved 1048576K
}
Event: 18.460 GC heap before
{Heap before GC invocations=368 (full 3):
 PSYoungGen      total 2560K, used 2399K [0x00000000d5580000, 0x00000000d5900000, 0x0000000100000000)
  eden space 1536K, 96% used [0x00000000d5580000,0x00000000d56f2ab8,0x00000000d5700000)
  from space 1024K, 89% used [0x00000000d5800000,0x00000000d58e53d8,0x00000000d5900000)
  to   space 1024K, 0% used [0x00000000d5700000,0x00000000d5700000,0x00000000d5800000)
 ParOldGen       total 326656K, used 326316K [0x0000000080000000, 0x0000000093f00000, 0x00000000d5580000)
  object space 326656K, 99% used [0x0000000080000000,0x0000000093eab1e8,0x0000000093f00000)
 Metaspace       used 60019K, committed 61440K, reserved 1114112K
  class space    used 6203K, committed 6848K, reserved 1048576K
}
Event: 18.465 GC heap after
{Heap after GC invocations=368 (full 3):
 PSYoungGen      total 2560K, used 2399K [0x00000000d5580000, 0x00000000d5900000, 0x0000000100000000)
  eden space 1536K, 96% used [0x00000000d5580000,0x00000000d56f2ab8,0x00000000d5700000)
  from space 1024K, 89% used [0x00000000d5800000,0x00000000d58e53d8,0x00000000d5900000)
  to   space 1024K, 98% used [0x00000000d5700000,0x00000000d57fb260,0x00000000d5800000)
 ParOldGen       total 327168K, used 326840K [0x0000000080000000, 0x0000000093f80000, 0x00000000d5580000)
  object space 327168K, 99% used [0x0000000080000000,0x0000000093f2e310,0x0000000093f80000)
 Metaspace       used 60019K, committed 61440K, reserved 1114112K
  class space    used 6203K, committed 6848K, reserved 1048576K
}
Event: 18.465 GC heap before
{Heap before GC invocations=369 (full 4):
 PSYoungGen      total 2560K, used 2399K [0x00000000d5580000, 0x00000000d5900000, 0x0000000100000000)
  eden space 1536K, 96% used [0x00000000d5580000,0x00000000d56f2ab8,0x00000000d5700000)
  from space 1024K, 89% used [0x00000000d5800000,0x00000000d58e53d8,0x00000000d5900000)
  to   space 1024K, 98% used [0x00000000d5700000,0x00000000d57fb260,0x00000000d5800000)
 ParOldGen       total 327168K, used 326840K [0x0000000080000000, 0x0000000093f80000, 0x00000000d5580000)
  object space 327168K, 99% used [0x0000000080000000,0x0000000093f2e310,0x0000000093f80000)
 Metaspace       used 60019K, committed 61440K, reserved 1114112K
  class space    used 6203K, committed 6848K, reserved 1048576K
}

