# JRE version: Java(TM) SE Runtime Environment (17.0.11+7) (build 17.0.11+7-LTS-207)
# Java VM: Java HotSpot(TM) 64-Bit Server VM (17.0.11+7-LTS-207, mixed mode, sharing, tiered, compressed oops, compressed class ptrs, g1 gc, windows-amd64)
GC Precious Log:
 CPUs: 8 total, 8 available
 Memory: 7975M
 Large Page Support: Disabled
 NUMA Support: Disabled
 Compressed Oops: Enabled (32-bit)
 Heap Region Size: 1M
 Heap Min Capacity: 8M
 Heap Initial Capacity: 126M
 Heap Max Capacity: 1994M
 Pre-touch: Disabled
 Parallel Workers: 8
 Concurrent Workers: 2
 Concurrent Refinement Workers: 8
 Periodic GC: Disabled
Heap:
 garbage-first heap   total 140288K, used 115476K [0x0000000083600000, 0x0000000100000000)
  region size 1024K, 70 young (71680K), 1 survivors (1024K)
 Metaspace       used 75779K, committed 76608K, reserved 1179648K
  class space    used 10139K, committed 10496K, reserved 1048576K
GC Heap History (20 events):
Event: 7.048 GC heap before
{Heap before GC invocations=25 (full 0):
 garbage-first heap   total 94208K, used 76490K [0x0000000083600000, 0x0000000100000000)
  region size 1024K, 42 young (43008K), 2 survivors (2048K)
 Metaspace       used 63619K, committed 64192K, reserved 1114112K
  class space    used 8780K, committed 9024K, reserved 1048576K
}
Event: 7.052 GC heap after
{Heap after GC invocations=26 (full 0):
 garbage-first heap   total 224256K, used 36911K [0x0000000083600000, 0x0000000100000000)
  region size 1024K, 4 young (4096K), 4 survivors (4096K)
 Metaspace       used 63619K, committed 64192K, reserved 1114112K
  class space    used 8780K, committed 9024K, reserved 1048576K
}
Event: 7.504 GC heap before
{Heap before GC invocations=27 (full 0):
 garbage-first heap   total 140288K, used 101423K [0x0000000083600000, 0x0000000100000000)
  region size 1024K, 68 young (69632K), 4 survivors (4096K)
 Metaspace       used 65603K, committed 66176K, reserved 1114112K
  class space    used 9004K, committed 9280K, reserved 1048576K
}
Event: 7.510 GC heap after
{Heap after GC invocations=28 (full 0):
 garbage-first heap   total 140288K, used 40999K [0x0000000083600000, 0x0000000100000000)
  region size 1024K, 8 young (8192K), 8 survivors (8192K)
 Metaspace       used 65603K, committed 66176K, reserved 1114112K
  class space    used 9004K, committed 9280K, reserved 1048576K
}
Event: 8.663 GC heap before
{Heap before GC invocations=29 (full 0):
 garbage-first heap   total 140288K, used 112679K [0x0000000083600000, 0x0000000100000000)
  region size 1024K, 78 young (79872K), 8 survivors (8192K)
 Metaspace       used 75763K, committed 76352K, reserved 1179648K
  class space    used 10187K, committed 10496K, reserved 1048576K
}
Event: 8.675 GC heap after
{Heap after GC invocations=30 (full 0):
 garbage-first heap   total 140288K, used 46854K [0x0000000083600000, 0x0000000100000000)
  region size 1024K, 10 young (10240K), 10 survivors (10240K)
 Metaspace       used 75763K, committed 76352K, reserved 1179648K
  class space    used 10187K, committed 10496K, reserved 1048576K
}
Event: 506.725 GC heap before
{Heap before GC invocations=30 (full 0):
 garbage-first heap   total 140288K, used 111366K [0x0000000083600000, 0x0000000100000000)
  region size 1024K, 73 young (74752K), 10 survivors (10240K)
 Metaspace       used 75932K, committed 76480K, reserved 1179648K
  class space    used 10198K, committed 10496K, reserved 1048576K
}
Event: 506.736 GC heap after
{Heap after GC invocations=31 (full 0):
 garbage-first heap   total 140288K, used 48124K [0x0000000083600000, 0x0000000100000000)
  region size 1024K, 2 young (2048K), 2 survivors (2048K)
 Metaspace       used 75932K, committed 76480K, reserved 1179648K
  class space    used 10198K, committed 10496K, reserved 1048576K
}
Event: 1024.985 GC heap before
{Heap before GC invocations=32 (full 0):
 garbage-first heap   total 140288K, used 113660K [0x0000000083600000, 0x0000000100000000)
  region size 1024K, 66 young (67584K), 2 survivors (2048K)
 Metaspace       used 75948K, committed 76608K, reserved 1179648K
  class space    used 10198K, committed 10496K, reserved 1048576K
}
Event: 1024.987 GC heap after
{Heap after GC invocations=33 (full 0):
 garbage-first heap   total 140288K, used 46888K [0x0000000083600000, 0x0000000100000000)
  region size 1024K, 1 young (1024K), 1 survivors (1024K)
 Metaspace       used 75948K, committed 76608K, reserved 1179648K
  class space    used 10198K, committed 10496K, reserved 1048576K
}
Event: 1065.867 GC heap before
{Heap before GC invocations=33 (full 0):
 garbage-first heap   total 140288K, used 52008K [0x0000000083600000, 0x0000000100000000)
  region size 1024K, 6 young (6144K), 1 survivors (1024K)
 Metaspace       used 75948K, committed 76608K, reserved 1179648K
  class space    used 10198K, committed 10496K, reserved 1048576K
}
Event: 1065.870 GC heap after
{Heap after GC invocations=34 (full 0):
 garbage-first heap   total 140288K, used 46173K [0x0000000083600000, 0x0000000100000000)
  region size 1024K, 1 young (1024K), 1 survivors (1024K)
 Metaspace       used 75948K, committed 76608K, reserved 1179648K
  class space    used 10198K, committed 10496K, reserved 1048576K
}
Event: 1613.012 GC heap before
{Heap before GC invocations=34 (full 0):
 garbage-first heap   total 140288K, used 114781K [0x0000000083600000, 0x0000000100000000)
  region size 1024K, 68 young (69632K), 1 survivors (1024K)
 Metaspace       used 75952K, committed 76608K, reserved 1179648K
  class space    used 10198K, committed 10496K, reserved 1048576K
}
Event: 1613.013 GC heap after
{Heap after GC invocations=35 (full 0):
 garbage-first heap   total 140288K, used 46092K [0x0000000083600000, 0x0000000100000000)
  region size 1024K, 1 young (1024K), 1 survivors (1024K)
 Metaspace       used 75952K, committed 76608K, reserved 1179648K
  class space    used 10198K, committed 10496K, reserved 1048576K
}
Event: 2798.535 GC heap before
{Heap before GC invocations=35 (full 0):
 garbage-first heap   total 140288K, used 116748K [0x0000000083600000, 0x0000000100000000)
  region size 1024K, 70 young (71680K), 1 survivors (1024K)
 Metaspace       used 76018K, committed 76608K, reserved 1179648K
  class space    used 10207K, committed 10496K, reserved 1048576K
}
Event: 2798.572 GC heap after
{Heap after GC invocations=36 (full 0):
 garbage-first heap   total 140288K, used 46703K [0x0000000083600000, 0x0000000100000000)
  region size 1024K, 1 young (1024K), 1 survivors (1024K)
 Metaspace       used 76018K, committed 76608K, reserved 1179648K
  class space    used 10207K, committed 10496K, reserved 1048576K
}
Event: 3366.647 GC heap before
{Heap before GC invocations=37 (full 0):
 garbage-first heap   total 140288K, used 118383K [0x0000000083600000, 0x0000000100000000)
  region size 1024K, 71 young (72704K), 1 survivors (1024K)
 Metaspace       used 75718K, committed 76608K, reserved 1179648K
  class space    used 10133K, committed 10496K, reserved 1048576K
}
Event: 3366.653 GC heap after
{Heap after GC invocations=38 (full 0):
 garbage-first heap   total 140288K, used 46709K [0x0000000083600000, 0x0000000100000000)
  region size 1024K, 1 young (1024K), 1 survivors (1024K)
 Metaspace       used 75718K, committed 76608K, reserved 1179648K
  class space    used 10133K, committed 10496K, reserved 1048576K
}
Event: 3407.276 GC heap before
{Heap before GC invocations=38 (full 0):
 garbage-first heap   total 140288K, used 51829K [0x0000000083600000, 0x0000000100000000)
  region size 1024K, 6 young (6144K), 1 survivors (1024K)
 Metaspace       used 75718K, committed 76608K, reserved 1179648K
  class space    used 10133K, committed 10496K, reserved 1048576K
}
Event: 3407.293 GC heap after
{Heap after GC invocations=39 (full 0):
 garbage-first heap   total 140288K, used 45844K [0x0000000083600000, 0x0000000100000000)
  region size 1024K, 1 young (1024K), 1 survivors (1024K)
 Metaspace       used 75718K, committed 76608K, reserved 1179648K
  class space    used 10133K, committed 10496K, reserved 1048576K
}

